<?xml version="1.0" encoding="UTF-8"?>
<testsuites name="visual-tests" tests="7" failures="0" errors="0" skipped="1">
  <testsuite name="visual-judge" tests="7" failures="0" errors="0" skipped="1">
    <testcase name="App Launch - Initial State" classname="visual-tests.app-launch">
      <system-out>No reference screenshot found at test-references/ios/iphone-16-pro/light/app-launch.png</system-out>
    </testcase>
    <testcase name="Connection Sheet - Idle" classname="visual-tests.connection-sheet">
      <system-out>No reference screenshot found at test-references/ios/iphone-16-pro/light/connection-sheet-idle.png</system-out>
    </testcase>
    <testcase name="FAB Menu - Open" classname="visual-tests.fab-menu">
      <system-out>No reference screenshot found at test-references/ios/iphone-16-pro/light/fab-menu-open.png</system-out>
    </testcase>
    <testcase name="Library - Connected with Files" classname="visual-tests.library-connected">
      <system-out>No reference screenshot found at test-references/ios/iphone-16-pro/light/library-connected-files.png</system-out>
    </testcase>
    <testcase name="Library - Disconnected Empty State" classname="visual-tests.library-disconnected">
      <system-out>No reference screenshot found at test-references/ios/iphone-16-pro/light/library-disconnected.png</system-out>
    </testcase>
    <testcase name="Settings Screen" classname="visual-tests.settings-main">
      <system-out>No reference screenshot found at test-references/ios/iphone-16-pro/light/settings-main.png</system-out>
    </testcase>
    <testcase name="Upload Queue Sheet" classname="visual-tests.upload-queue">
      <system-out>Test screenshot not found: test-screenshots/upload-queue-active.png</system-out>
    </testcase>
  </testsuite>
</testsuites>
