<?xml version="1.0" encoding="UTF-8"?>
<testsuites name="visual-tests" tests="11" failures="6" errors="0" skipped="1">
  <testsuite name="visual-judge" tests="11" failures="6" errors="0" skipped="1">
    <testcase name="App Launch - Initial State" classname="visual-tests.app-launch">
      <failure message="LLM judge error: Could not resolve authentication method. Expected either apiKey or authToken to be set. Or for one of the &quot;X-Api-Key&quot; or &quot;Authorization&quot; headers to be explicitly omitted">Judge error: Could not resolve authentication method. Expected either apiKey or authToken to be set. Or for one of the &quot;X-Api-Key&quot; or &quot;Authorization&quot; headers to be explicitly omitted</failure>
    </testcase>
    <testcase name="Connection Sheet - Idle" classname="visual-tests.connection-sheet">
      <failure message="LLM judge error: Could not resolve authentication method. Expected either apiKey or authToken to be set. Or for one of the &quot;X-Api-Key&quot; or &quot;Authorization&quot; headers to be explicitly omitted">Judge error: Could not resolve authentication method. Expected either apiKey or authToken to be set. Or for one of the &quot;X-Api-Key&quot; or &quot;Authorization&quot; headers to be explicitly omitted</failure>
    </testcase>
    <testcase name="FAB Menu - Open" classname="visual-tests.fab-menu">
      <failure message="LLM judge error: Could not resolve authentication method. Expected either apiKey or authToken to be set. Or for one of the &quot;X-Api-Key&quot; or &quot;Authorization&quot; headers to be explicitly omitted">Judge error: Could not resolve authentication method. Expected either apiKey or authToken to be set. Or for one of the &quot;X-Api-Key&quot; or &quot;Authorization&quot; headers to be explicitly omitted</failure>
    </testcase>
    <testcase name="File Action Sheet" classname="visual-tests.file-action-sheet">
      <system-out>No reference screenshot found at test-references/ios/iphone-16-pro/light/file-action-sheet.png</system-out>
    </testcase>
    <testcase name="Library - Connected with Files" classname="visual-tests.library-connected">
      <failure message="LLM judge error: Could not resolve authentication method. Expected either apiKey or authToken to be set. Or for one of the &quot;X-Api-Key&quot; or &quot;Authorization&quot; headers to be explicitly omitted">Judge error: Could not resolve authentication method. Expected either apiKey or authToken to be set. Or for one of the &quot;X-Api-Key&quot; or &quot;Authorization&quot; headers to be explicitly omitted</failure>
    </testcase>
    <testcase name="Library - Disconnected Empty State" classname="visual-tests.library-disconnected">
      <failure message="LLM judge error: Could not resolve authentication method. Expected either apiKey or authToken to be set. Or for one of the &quot;X-Api-Key&quot; or &quot;Authorization&quot; headers to be explicitly omitted">Judge error: Could not resolve authentication method. Expected either apiKey or authToken to be set. Or for one of the &quot;X-Api-Key&quot; or &quot;Authorization&quot; headers to be explicitly omitted</failure>
    </testcase>
    <testcase name="Move Sheet - New Folder Dialog" classname="visual-tests.move-new-folder">
      <system-out>No reference screenshot found at test-references/ios/iphone-16-pro/light/move-new-folder.png</system-out>
    </testcase>
    <testcase name="Move Sheet" classname="visual-tests.move-sheet">
      <system-out>No reference screenshot found at test-references/ios/iphone-16-pro/light/move-sheet.png</system-out>
    </testcase>
    <testcase name="Rename Dialog" classname="visual-tests.rename-dialog">
      <system-out>No reference screenshot found at test-references/ios/iphone-16-pro/light/rename-dialog.png</system-out>
    </testcase>
    <testcase name="Settings Screen" classname="visual-tests.settings-main">
      <failure message="LLM judge error: Could not resolve authentication method. Expected either apiKey or authToken to be set. Or for one of the &quot;X-Api-Key&quot; or &quot;Authorization&quot; headers to be explicitly omitted">Judge error: Could not resolve authentication method. Expected either apiKey or authToken to be set. Or for one of the &quot;X-Api-Key&quot; or &quot;Authorization&quot; headers to be explicitly omitted</failure>
    </testcase>
    <testcase name="Upload Queue Sheet" classname="visual-tests.upload-queue">
      <system-out>Test screenshot not found: test-screenshots/screenshots/upload-queue-active.png</system-out>
    </testcase>
  </testsuite>
</testsuites>
